Determining if the pthread_create exist failed with the following output:
Change Dir: /home/damiano_muzzolon/programmazione_sistemi_embedded/Natale_New/homework-damianomuzzolon/Build/CMakeFiles/CMakeTmp

Run Build Command:"/usr/bin/make" "cmTC_83809/fast"
/usr/bin/make -f CMakeFiles/cmTC_83809.dir/build.make CMakeFiles/cmTC_83809.dir/build
make[1]: Entering directory '/home/damiano_muzzolon/programmazione_sistemi_embedded/Natale_New/homework-damianomuzzolon/Build/CMakeFiles/CMakeTmp'
Building CXX object CMakeFiles/cmTC_83809.dir/CheckSymbolExists.cxx.o
/usr/bin/c++     -o CMakeFiles/cmTC_83809.dir/CheckSymbolExists.cxx.o -c /home/damiano_muzzolon/programmazione_sistemi_embedded/Natale_New/homework-damianomuzzolon/Build/CMakeFiles/CMakeTmp/CheckSymbolExists.cxx
Linking CXX executable cmTC_83809
/usr/bin/cmake -E cmake_link_script CMakeFiles/cmTC_83809.dir/link.txt --verbose=1
/usr/bin/c++       CMakeFiles/cmTC_83809.dir/CheckSymbolExists.cxx.o  -o cmTC_83809 
CMakeFiles/cmTC_83809.dir/CheckSymbolExists.cxx.o: In function `main':
CheckSymbolExists.cxx:(.text+0x1b): undefined reference to `pthread_create'
collect2: error: ld returned 1 exit status
CMakeFiles/cmTC_83809.dir/build.make:97: recipe for target 'cmTC_83809' failed
make[1]: *** [cmTC_83809] Error 1
make[1]: Leaving directory '/home/damiano_muzzolon/programmazione_sistemi_embedded/Natale_New/homework-damianomuzzolon/Build/CMakeFiles/CMakeTmp'
Makefile:126: recipe for target 'cmTC_83809/fast' failed
make: *** [cmTC_83809/fast] Error 2

File /home/damiano_muzzolon/programmazione_sistemi_embedded/Natale_New/homework-damianomuzzolon/Build/CMakeFiles/CMakeTmp/CheckSymbolExists.cxx:
/* */
#include <pthread.h>

int main(int argc, char** argv)
{
  (void)argv;
#ifndef pthread_create
  return ((int*)(&pthread_create))[argc];
#else
  (void)argc;
  return 0;
#endif
}

Determining if the function pthread_create exists in the pthreads failed with the following output:
Change Dir: /home/damiano_muzzolon/programmazione_sistemi_embedded/Natale_New/homework-damianomuzzolon/Build/CMakeFiles/CMakeTmp

Run Build Command:"/usr/bin/make" "cmTC_517be/fast"
/usr/bin/make -f CMakeFiles/cmTC_517be.dir/build.make CMakeFiles/cmTC_517be.dir/build
make[1]: Entering directory '/home/damiano_muzzolon/programmazione_sistemi_embedded/Natale_New/homework-damianomuzzolon/Build/CMakeFiles/CMakeTmp'
Building CXX object CMakeFiles/cmTC_517be.dir/CheckFunctionExists.cxx.o
/usr/bin/c++    -DCHECK_FUNCTION_EXISTS=pthread_create   -o CMakeFiles/cmTC_517be.dir/CheckFunctionExists.cxx.o -c /home/damiano_muzzolon/programmazione_sistemi_embedded/Natale_New/homework-damianomuzzolon/Build/CMakeFiles/CheckLibraryExists/CheckFunctionExists.cxx
Linking CXX executable cmTC_517be
/usr/bin/cmake -E cmake_link_script CMakeFiles/cmTC_517be.dir/link.txt --verbose=1
/usr/bin/c++   -DCHECK_FUNCTION_EXISTS=pthread_create    CMakeFiles/cmTC_517be.dir/CheckFunctionExists.cxx.o  -o cmTC_517be -lpthreads 
/usr/bin/ld: cannot find -lpthreads
collect2: error: ld returned 1 exit status
CMakeFiles/cmTC_517be.dir/build.make:97: recipe for target 'cmTC_517be' failed
make[1]: *** [cmTC_517be] Error 1
make[1]: Leaving directory '/home/damiano_muzzolon/programmazione_sistemi_embedded/Natale_New/homework-damianomuzzolon/Build/CMakeFiles/CMakeTmp'
Makefile:126: recipe for target 'cmTC_517be/fast' failed
make: *** [cmTC_517be/fast] Error 2


